<?xml version="1.0" encoding="UTF-8"?>
<!-- Generated by org.testng.reporters.JUnitReportReporter -->
<testsuite hostname="DESKTOP-S6L1062" failures="0" tests="2" name="testngpractice.demo" time="0.011" errors="0" timestamp="2024-04-15T12:57:39 IST" skipped="0">
  <testcase classname="testngpractice.demo" name="login" time="0.003"/>
  <system-out>
    <![CDATA[login success]]>
  </system-out>
  <testcase classname="testngpractice.demo" name="login" time="0.008"/>
  <system-out>
    <![CDATA[login success]]>
  </system-out>
</testsuite> <!-- testngpractice.demo -->
