<?xml version="1.0" encoding="UTF-8"?>
<!-- Generated by org.testng.reporters.JUnitReportReporter -->
<testsuite hostname="DESKTOP-S6L1062" failures="0" tests="6" name="testngpractice.testngcmdpromtTest" time="0.029" errors="0" timestamp="2024-04-15T12:57:39 IST" skipped="0">
  <testcase classname="testngpractice.testngcmdpromtTest" name="demo" time="0.005"/>
  <system-out/>
  <testcase classname="testngpractice.testngcmdpromtTest" name="demotest" time="0.011"/>
  <system-out/>
  <testcase classname="testngpractice.testngcmdpromtTest" name="demo" time="0.002"/>
  <system-out/>
  <testcase classname="testngpractice.testngcmdpromtTest" name="demotest" time="0.003"/>
  <system-out/>
  <testcase classname="testngpractice.testngcmdpromtTest" name="test" time="0.002"/>
  <system-out/>
  <testcase classname="testngpractice.testngcmdpromtTest" name="test" time="0.006"/>
  <system-out/>
</testsuite> <!-- testngpractice.testngcmdpromtTest -->
