<?xml version="1.0" encoding="UTF-8"?>
<!-- Generated by org.testng.reporters.JUnitReportReporter -->
<testsuite hostname="DESKTOP-S6L1062" failures="0" tests="2" name="testngpractice.dataprovider" time="0.027" errors="0" timestamp="2024-04-07T12:41:41 IST" skipped="0">
  <testcase classname="testngpractice.dataprovider" name="getdata" time="0.002"/>
  <system-out/>
  <testcase classname="testngpractice.dataprovider" name="getdata" time="0.025"/>
  <system-out/>
</testsuite> <!-- testngpractice.dataprovider -->
