<?xml version="1.0" encoding="UTF-8"?>
<!-- Generated by org.testng.reporters.JUnitReportReporter -->
<testsuite hostname="DESKTOP-S6L1062" failures="0" tests="4" name="testngpractice.AnnotationTest" time="0.032" errors="0" timestamp="2024-04-15T12:57:39 IST" skipped="0">
  <testcase classname="testngpractice.AnnotationTest" name="ExecuteScript" time="0.004"/>
  <system-out/>
  <testcase classname="testngpractice.AnnotationTest" name="Runtest" time="0.001"/>
  <system-out/>
  <testcase classname="testngpractice.AnnotationTest" name="ExecuteScript" time="0.015"/>
  <system-out/>
  <testcase classname="testngpractice.AnnotationTest" name="Runtest" time="0.012"/>
  <system-out/>
</testsuite> <!-- testngpractice.AnnotationTest -->
