<?xml version="1.0" encoding="UTF-8"?>
<!-- Generated by org.testng.reporters.JUnitReportReporter -->
<testsuite hostname="DESKTOP-S6L1062" failures="0" tests="1" name="testngpractice.HelloWorld" time="10.290" errors="0" timestamp="2024-03-28T17:10:32 IST" skipped="0">
  <testcase classname="testngpractice.HelloWorld" name="tc_1" time="10.290"/>
  <system-out/>
</testsuite> <!-- testngpractice.HelloWorld -->
