<?xml version="1.0" encoding="UTF-8"?>
<!-- Generated by org.testng.reporters.JUnitReportReporter -->
<testsuite hostname="DESKTOP-S6L1062" failures="0" tests="4" name="testngpractice.dataprovidertest" time="15.043" errors="0" timestamp="2024-04-12T12:42:23 IST" skipped="0">
  <testcase classname="testngpractice.dataprovidertest" name="takedata" time="0.002"/>
  <system-out/>
  <testcase classname="testngpractice.dataprovidertest" name="takedata" time="0.001"/>
  <system-out/>
  <testcase classname="testngpractice.dataprovidertest" name="stafflogin" time="8.090"/>
  <system-out/>
  <testcase classname="testngpractice.dataprovidertest" name="stafflogin" time="6.950"/>
  <system-out/>
</testsuite> <!-- testngpractice.dataprovidertest -->
